  main.cpp
C:\Program Files\Microsoft Visual Studio\2022\Community\VC\Tools\MSVC\14.31.31103\include\random(1919,5): error C2338: invalid template argument for uniform_int_distribution: N4659 29.6.1.1 [rand.req.genl]/1e requires one of short, int, long, long long, unsigned short, unsigned int, unsigned long, or unsigned long long
D:\git\Home\cpp-search-server\main.cpp(68): message : выполняется компиляция ссылки на экземпляр класс шаблон функции "std::uniform_int_distribution<char>"
C:\Program Files\Microsoft Visual Studio\2022\Community\VC\Tools\MSVC\14.31.31103\include\random(1919,5): error C2338: note: char, signed char, unsigned char, char8_t, int8_t, and uint8_t are not allowed
D:\git\Home\cpp-search-server\main.cpp(91,94): warning C4267: аргумент: преобразование из "size_t" в "_Ty"; возможна потеря данных
          with
          [
              _Ty=int
          ]
D:\git\Home\cpp-search-server\main.cpp(126,91): warning C4267: аргумент: преобразование из "size_t" в "int"; возможна потеря данных
D:\git\Home\cpp-search-server\main.cpp(134,91): warning C4267: аргумент: преобразование из "size_t" в "int"; возможна потеря данных
  process_queries.cpp
D:\git\Home\cpp-search-server\process_queries.cpp(27,34): warning C4267: +=: преобразование из "size_t" в "int"; возможна потеря данных
  remove_duplicates.cpp
  request_queue.cpp
D:\git\Home\cpp-search-server\request_queue.cpp(24,20): warning C4244: return: преобразование "__int64" в "int", возможна потеря данных
  search_server.cpp
D:\git\Home\cpp-search-server\search_server.cpp(45,29): warning C4267: return: преобразование из "size_t" в "int"; возможна потеря данных
  test_example_functions.cpp
  Создание кода...
