d:\git\home\cpp-search-server\exmaple_search_server\x64\debug\vc143.pdb
d:\git\home\cpp-search-server\exmaple_search_server\x64\debug\vc143.idb
d:\git\home\cpp-search-server\exmaple_search_server\x64\debug\test_example_functions.obj
d:\git\home\cpp-search-server\exmaple_search_server\x64\debug\string_processing.obj
d:\git\home\cpp-search-server\exmaple_search_server\x64\debug\search_server.obj
d:\git\home\cpp-search-server\exmaple_search_server\x64\debug\request_queue.obj
d:\git\home\cpp-search-server\exmaple_search_server\x64\debug\remove_duplicates.obj
d:\git\home\cpp-search-server\exmaple_search_server\x64\debug\read_input_functions.obj
d:\git\home\cpp-search-server\exmaple_search_server\x64\debug\process_queries.obj
d:\git\home\cpp-search-server\exmaple_search_server\x64\debug\main.obj
d:\git\home\cpp-search-server\exmaple_search_server\x64\debug\document.obj
d:\git\home\cpp-search-server\exmaple_search_server\x64\debug\exmaple_search_server.pdb
d:\git\home\cpp-search-server\exmaple_search_server\x64\debug\exmaple_.8c95952a.tlog\cl.command.1.tlog
d:\git\home\cpp-search-server\exmaple_search_server\x64\debug\exmaple_.8c95952a.tlog\cl.read.1.tlog
d:\git\home\cpp-search-server\exmaple_search_server\x64\debug\exmaple_.8c95952a.tlog\cl.write.1.tlog
d:\git\home\cpp-search-server\exmaple_search_server\x64\debug\exmaple_.8c95952a.tlog\link-cvtres.read.1.tlog
d:\git\home\cpp-search-server\exmaple_search_server\x64\debug\exmaple_.8c95952a.tlog\link-cvtres.write.1.tlog
d:\git\home\cpp-search-server\exmaple_search_server\x64\debug\exmaple_.8c95952a.tlog\link-rc.read.1.tlog
d:\git\home\cpp-search-server\exmaple_search_server\x64\debug\exmaple_.8c95952a.tlog\link-rc.write.1.tlog
d:\git\home\cpp-search-server\exmaple_search_server\x64\debug\exmaple_.8c95952a.tlog\link.command.1.tlog
d:\git\home\cpp-search-server\exmaple_search_server\x64\debug\exmaple_.8c95952a.tlog\link.read.1.tlog
d:\git\home\cpp-search-server\exmaple_search_server\x64\debug\exmaple_.8c95952a.tlog\link.read.2.tlog
d:\git\home\cpp-search-server\exmaple_search_server\x64\debug\exmaple_.8c95952a.tlog\link.write.1.tlog
